##############################################################################
#                                                                            #
# IAR 8051 C/C++ Compiler V7.20H/W32                   22/Jun/2016  18:54:42 #
# Copyright 2004-2006 IAR Systems. All rights reserved.                      #
#                                                                            #
#    Core               =  plain                                             #
#    Code model         =  banked                                            #
#    Data model         =  large                                             #
#    Calling convention =  extended stack reentrant                          #
#    Constant location  =  code                                              #
#    Extended stack     =  enabled                                           #
#    Dptr setup         =  1,16                                              #
#    Source file        =  E:\Juchen\CW6687G\JC_M_328_20160617_P0\APP\config #
#                          \config.c                                         #
#    Command line       =  -I "C:\Program Files\IAR Systems\Embedded         #
#                          Workbench 4.05 Evaluation version\8051\INC\" -I   #
#                          "C:\Program Files\IAR Systems\Embedded Workbench  #
#                          4.05 Evaluation version\8051\INC\CLIB\" -I        #
#                          E:\Juchen\CW6687G\JC_M_328_20160617_P0\APP\api\   #
#                          -I E:\Juchen\CW6687G\JC_M_328_20160617_P0\APP\dis #
#                          play\ -I E:\Juchen\CW6687G\JC_M_328_20160617_P0\A #
#                          PP\display\lcd\ -I E:\Juchen\CW6687G\JC_M_328_201 #
#                          60617_P0\APP\display\lcdseg\ -I                   #
#                          E:\Juchen\CW6687G\JC_M_328_20160617_P0\APP\displa #
#                          y\led\ -I E:\Juchen\CW6687G\JC_M_328_20160617_P0\ #
#                          APP\display\ledseg\ -I E:\Juchen\CW6687G\JC_M_328 #
#                          _20160617_P0\APP\display\no\ -I                   #
#                          E:\Juchen\CW6687G\JC_M_328_20160617_P0\APP\config #
#                          \ -I E:\Juchen\CW6687G\JC_M_328_20160617_P0\APP\c #
#                          ommon\ -I E:\Juchen\CW6687G\JC_M_328_20160617_P0\ #
#                          APP\task\ -I E:\Juchen\CW6687G\JC_M_328_20160617_ #
#                          P0\APP\user\ -I E:\Juchen\CW6687G\JC_M_328_201606 #
#                          17_P0\APP\user\mp3res\ -I                         #
#                          E:\Juchen\CW6687G\JC_M_328_20160617_P0\APP\btstac #
#                          k\ -I E:\Juchen\CW6687G\JC_M_328_20160617_P0\APP\ #
#                          user\user_config\ -I E:\Juchen\CW6687G\JC_M_328_2 #
#                          0160617_P0\APP\user\user_iis\ -lC                 #
#                          E:\Juchen\CW6687G\JC_M_328_20160617_P0\APP\Debug\ #
#                          List\ -o E:\Juchen\CW6687G\JC_M_328_20160617_P0\A #
#                          PP\Debug\Obj\ -e -z9 --debug --core=plain         #
#                          --dptr=16,1 --data_model=large                    #
#                          --code_model=banked --calling_convention=ext_stac #
#                          k_reentrant --place_constants=code                #
#                          --nr_virtual_regs 20 --extended_stack             #
#                          E:\Juchen\CW6687G\JC_M_328_20160617_P0\APP\config #
#                          \config.c                                         #
#    List file          =  E:\Juchen\CW6687G\JC_M_328_20160617_P0\APP\Debug\ #
#                          List\config.lst                                   #
#    Object file        =  E:\Juchen\CW6687G\JC_M_328_20160617_P0\APP\Debug\ #
#                          Obj\config.r51                                    #
#                                                                            #
#                                                                            #
##############################################################################

E:\Juchen\CW6687G\JC_M_328_20160617_P0\APP\config\config.c
      1          /*****************************************************************************
      2           * Module    : Config
      3           * File      : config.c
      4           * Author    : Hanny
      5           * Function  : 用户配置文件，点击左侧目录展开，可编辑相应的配置
      6           *****************************************************************************/
      7          #include "config.h"
      8          #define CONFIG_C
      9          #include SET_USER_PATH(CFG_IO_KEY_DIR, /io/io_key.c)
     10          #include SET_USER_PATH(CFG_IO_IR_DIR, /io/io_ir.c)
     11          #include SET_USER_PATH(CFG_IO_LED_DIR, /io/io_led.c)
     12          #include SET_USER_PATH(CFG_IO_HOLD_DIR, /io/io_hold.c)
     13          #include SET_USER_PATH(CFG_IO_LED_SEG_DIR, /io/io_led_seg.c)
     14          
     15          //任务UI，在这里include的目的是为了方便选取
     16          #include SET_USER_PATH(CFG_UI_COMM_DIR, /ui/ui_comm.c)
     17          #include SET_USER_PATH(CFG_UI_MUSIC_DIR, /ui/ui_music.c)
     18          #include SET_USER_PATH(CFG_UI_RECORD_DIR, /ui/ui_record.c)
     19          #include SET_USER_PATH(CFG_UI_FM_DIR, /ui/ui_fm.c)
     20          #include SET_USER_PATH(CFG_UI_CLOCK_DIR, /ui/ui_clock.c)
     21          #include SET_USER_PATH(CFG_UI_CLOCK_DIR, /ui/ui_alarm.c)
     22          #include SET_USER_PATH(CFG_UI_BT_DIR, /ui/ui_bt.c)
     23          #include SET_USER_PATH(CFG_UI_SPEAKER_DIR, /ui/ui_speaker.c)
     24          #include SET_USER_PATH(CFG_UI_MENU_DIR, /ui/ui_menu.c)
     25          #include SET_USER_PATH(CFG_UI_USBDEV_DIR, /ui/ui_usbdev.c)
     26          #include SET_USER_PATH(CFG_UI_AUX_EQ_DIR, /ui/ui_aux_eq.c)
     27          #include SET_USER_PATH(CFG_UI_UPDATEFW_DIR, /ui/ui_updatefw.c)
     28          #include SET_USER_PATH(CFG_UI_TOMCAT_DIR, /ui/ui_tomcat.c)


   Segment part sizes:

     Function/Label Bytes
     -------------- -----

 
 
 0 bytes of memory

Errors: none
Warnings: none
