##############################################################################
#                                                                            #
# IAR 8051 C/C++ Compiler V7.20H/W32                   22/Jun/2016  18:27:53 #
# Copyright 2004-2006 IAR Systems. All rights reserved.                      #
#                                                                            #
#    Core               =  plain                                             #
#    Code model         =  banked                                            #
#    Data model         =  large                                             #
#    Calling convention =  extended stack reentrant                          #
#    Constant location  =  code                                              #
#    Extended stack     =  enabled                                           #
#    Dptr setup         =  1,16                                              #
#    Source file        =  E:\Juchen\CW6687G\JC_M_328_20160617_P0\APP\displa #
#                          y\ledseg\ledseg_msgbox.c                          #
#    Command line       =  -I "C:\Program Files\IAR Systems\Embedded         #
#                          Workbench 4.05 Evaluation version\8051\INC\" -I   #
#                          "C:\Program Files\IAR Systems\Embedded Workbench  #
#                          4.05 Evaluation version\8051\INC\CLIB\" -I        #
#                          E:\Juchen\CW6687G\JC_M_328_20160617_P0\APP\api\   #
#                          -I E:\Juchen\CW6687G\JC_M_328_20160617_P0\APP\dis #
#                          play\ -I E:\Juchen\CW6687G\JC_M_328_20160617_P0\A #
#                          PP\display\lcd\ -I E:\Juchen\CW6687G\JC_M_328_201 #
#                          60617_P0\APP\display\lcdseg\ -I                   #
#                          E:\Juchen\CW6687G\JC_M_328_20160617_P0\APP\displa #
#                          y\led\ -I E:\Juchen\CW6687G\JC_M_328_20160617_P0\ #
#                          APP\display\ledseg\ -I E:\Juchen\CW6687G\JC_M_328 #
#                          _20160617_P0\APP\display\no\ -I                   #
#                          E:\Juchen\CW6687G\JC_M_328_20160617_P0\APP\config #
#                          \ -I E:\Juchen\CW6687G\JC_M_328_20160617_P0\APP\c #
#                          ommon\ -I E:\Juchen\CW6687G\JC_M_328_20160617_P0\ #
#                          APP\task\ -I E:\Juchen\CW6687G\JC_M_328_20160617_ #
#                          P0\APP\user\ -I E:\Juchen\CW6687G\JC_M_328_201606 #
#                          17_P0\APP\user\mp3res\ -I                         #
#                          E:\Juchen\CW6687G\JC_M_328_20160617_P0\APP\btstac #
#                          k\ -I E:\Juchen\CW6687G\JC_M_328_20160617_P0\APP\ #
#                          user\user_config\ -I E:\Juchen\CW6687G\JC_M_328_2 #
#                          0160617_P0\APP\user\user_iis\ -lC                 #
#                          E:\Juchen\CW6687G\JC_M_328_20160617_P0\APP\Debug\ #
#                          List\ -o E:\Juchen\CW6687G\JC_M_328_20160617_P0\A #
#                          PP\Debug\Obj\ -e -z9 --debug --core=plain         #
#                          --dptr=16,1 --data_model=large                    #
#                          --code_model=banked --calling_convention=ext_stac #
#                          k_reentrant --place_constants=code                #
#                          --nr_virtual_regs 20 --extended_stack             #
#                          E:\Juchen\CW6687G\JC_M_328_20160617_P0\APP\displa #
#                          y\ledseg\ledseg_msgbox.c                          #
#    List file          =  E:\Juchen\CW6687G\JC_M_328_20160617_P0\APP\Debug\ #
#                          List\ledseg_msgbox.lst                            #
#    Object file        =  E:\Juchen\CW6687G\JC_M_328_20160617_P0\APP\Debug\ #
#                          Obj\ledseg_msgbox.r51                             #
#                                                                            #
#                                                                            #
##############################################################################

E:\Juchen\CW6687G\JC_M_328_20160617_P0\APP\display\ledseg\ledseg_msgbox.c
      1          /*****************************************************************************
      2           * Module    : Display
      3           * File      : ledseg_msgbox.c
      4           * Author    : Hanny
      5           * Function  : 对话框控件，用于处于UI中用到的对话框功能
      6           *****************************************************************************/
      7          #include "include.h"
      8          #if IS_LEDSEG_DISPLAY
      9          #include "task.h"
     10          //mode模式选择;  param: 内容参数
     11          //返回确定或取消
     12          #pragma location="MSG_BOX_SEG"

   \                                 In segment MSG_BOX_SEG, align 1, keep-with-next
     13          bool msgbox(u16 param, u8 mode, u8 show_time)
   \                     msgbox:
     14          {
   \   000000                ; Saved register size: 0
   \   000000                ; Auto size: 0
     15              return true;
   \   000000   D3           SETB    C
   \   000001   02....       LJMP    ?BRET
     16          }
     17          #endif

   Maximum stack usage in bytes:

     Function EXT_STACK PSTACK XSTACK
     -------- --------- ------ ------
     msgbox          0      0      0


   Segment part sizes:

     Function/Label Bytes
     -------------- -----
     msgbox            4

 
 4 bytes in segment MSG_BOX_SEG
 
 4 bytes of CODE memory

Errors: none
Warnings: none
