##############################################################################
#                                                                            #
# IAR 8051 C/C++ Compiler V7.20H/W32                   23/Feb/2016  10:53:43 #
# Copyright 2004-2006 IAR Systems. All rights reserved.                      #
#                                                                            #
#    Core               =  plain                                             #
#    Code model         =  banked                                            #
#    Data model         =  large                                             #
#    Calling convention =  extended stack reentrant                          #
#    Constant location  =  code                                              #
#    Extended stack     =  enabled                                           #
#    Dptr setup         =  1,16                                              #
#    Source file        =  E:\新唐\6687G\APP\task\sub\tasksub_fm_recplay.c   #
#    Command line       =  -I "C:\Program Files\IAR Systems\Embedded         #
#                          Workbench 4.05 Evaluation version\8051\INC\" -I   #
#                          "C:\Program Files\IAR Systems\Embedded Workbench  #
#                          4.05 Evaluation version\8051\INC\CLIB\" -I        #
#                          E:\新唐\6687G\APP\api\ -I                         #
#                          E:\新唐\6687G\APP\display\ -I                     #
#                          E:\新唐\6687G\APP\display\lcd\ -I                 #
#                          E:\新唐\6687G\APP\display\lcdseg\ -I              #
#                          E:\新唐\6687G\APP\display\led\ -I                 #
#                          E:\新唐\6687G\APP\display\ledseg\ -I              #
#                          E:\新唐\6687G\APP\display\no\ -I                  #
#                          E:\新唐\6687G\APP\config\ -I                      #
#                          E:\新唐\6687G\APP\common\ -I                      #
#                          E:\新唐\6687G\APP\task\ -I                        #
#                          E:\新唐\6687G\APP\user\ -I                        #
#                          E:\新唐\6687G\APP\user\mp3res\ -I                 #
#                          E:\新唐\6687G\APP\btstack\ -I                     #
#                          E:\新唐\6687G\APP\user\user_config\ -I            #
#                          E:\新唐\6687G\APP\user\user_iis\ -lC              #
#                          E:\新唐\6687G\APP\Debug\List\ -o                  #
#                          E:\新唐\6687G\APP\Debug\Obj\ -e -z9 --debug       #
#                          --core=plain --dptr=16,1 --data_model=large       #
#                          --code_model=banked --calling_convention=ext_stac #
#                          k_reentrant --place_constants=code                #
#                          --nr_virtual_regs 20 --extended_stack             #
#                          E:\新唐\6687G\APP\task\sub\tasksub_fm_recplay.c   #
#    List file          =  E:\新唐\6687G\APP\Debug\List\tasksub_fm_recplay.l #
#                          st                                                #
#    Object file        =  E:\新唐\6687G\APP\Debug\Obj\tasksub_fm_recplay.r5 #
#                          1                                                 #
#                                                                            #
#                                                                            #
##############################################################################

E:\新唐\6687G\APP\task\sub\tasksub_fm_recplay.c
      1          /*****************************************************************************
      2           * Module    : TaskSub
      3           * File      : tasksub_fm_recplay.c
      4           * Author    : Hanny
      5           * Function  : FM任务 - 录音播放
      6           *****************************************************************************/
      7          #ifdef TASK_SUB
      8          
      9          //任务初始化
     10          void tasksub_fm_recplay_enter(void)
     11          {
     12          #if IIS_EN
     13              adc_stop();
     14          #else
     15              adc_exit();
     16          #endif
     17              amux_exit();
     18              ocx_clear();
     19              draw_wait();
     20              led_music_play();
     21             // dac_enable();
     22              user_change_volume(sys_ctl.volume);     //数字音量
     23          
     24              dac_enable();
     25              t_fm.mute = 0;
     26          
     27              t_msc.disp_music_time.sec = 0xff;
     28              t_msc.disp_flag = 1;
     29              t_msc.music_type = TYPE_WAV;
     30              t_msc.music_total = 1;
     31              t_msc.music_num = 1;
     32              //播放信息初始化
     33              t_msc.pause = 0;
     34              if (play_record_file()) {
     35                  music_play();
     36              } else {
     37                  //printf("file Not valid!\n");
     38                  music_stop();
     39              }
     40              ocx_init(tasksub_recplay_event, NULL);       //设置OCX需要响应的消息及事件
     41          }
     42          
     43          //任务退出
     44          void tasksub_fm_recplay_exit(void)
     45          {
     46              music_stop();
     47              dac_disable();
     48              ocx_clear();
     49              task_fm_reuse_init();
     50              t_fm.fm_sta = FM_PLAY;
     51              load_code(0x28, 3);
     52              task_fm_load();     //由于fm_ch[]是保存在DCODE_RAM的，播放提示音后会被清零，需要重新LOAD一下
     53          #if IIS_EN
     54              //重新初始化FM IIS功能
     55              work_sta_interrupt = TASK_FM;
     56              task_aux_eq_enter();
     57          #else
     58              amux_init(FM_CHANNEL_SEL);
     59          #endif
     60              led_fm_play();
     61              if(!t_fm.mute){
     62                  sys_unmute();
     63          #if !IIS_EN
     64                  amux_play();
     65          #endif
     66              }
     67              t_fm.ch_sel = sys_param_read8(PARAM_FM_CHSEL); //更新当前台号，防止内存复用造成频道混乱
     68              t_fm.freq = sys_param_read16(PARAM_FM_FREQ);
     69          }
     70          
     71          #pragma location="TASK_MUSIC_SEG"
     72          void tasksub_fm_recplay_loop(void)
     73          {
     74              u8 msg;
     75          
     76              while ((task_ctl.work_sta == TASK_FM) && (music_get_status() > STATUS_PLAY_STOPPING)) {
     77                  tasksub_recplay_event();
     78                  while (msg = get_msg()) {
     79                      tasksub_fm_recplay_deal_msg(msg);
     80                  }
     81                  task_music_display();
     82              }
     83          }
     84          
     85          //任务主流程
     86          void tasksub_fm_recplay(void)
     87          {
     88              tasksub_fm_recplay_enter();
     89              tasksub_fm_recplay_loop();
     90              tasksub_fm_recplay_exit();
     91          }
     92          #endif


   Segment part sizes:

     Function/Label Bytes
     -------------- -----

 
 
 0 bytes of memory

Errors: none
Warnings: none
