##############################################################################
#                                                                            #
# IAR 8051 C/C++ Compiler V7.20H/W32                   22/Jun/2016  18:27:56 #
# Copyright 2004-2006 IAR Systems. All rights reserved.                      #
#                                                                            #
#    Core               =  plain                                             #
#    Code model         =  banked                                            #
#    Data model         =  large                                             #
#    Calling convention =  extended stack reentrant                          #
#    Constant location  =  code                                              #
#    Extended stack     =  enabled                                           #
#    Dptr setup         =  1,16                                              #
#    Source file        =  E:\Juchen\CW6687G\JC_M_328_20160617_P0\APP\task\t #
#                          ask_bt_hid.c                                      #
#    Command line       =  -I "C:\Program Files\IAR Systems\Embedded         #
#                          Workbench 4.05 Evaluation version\8051\INC\" -I   #
#                          "C:\Program Files\IAR Systems\Embedded Workbench  #
#                          4.05 Evaluation version\8051\INC\CLIB\" -I        #
#                          E:\Juchen\CW6687G\JC_M_328_20160617_P0\APP\api\   #
#                          -I E:\Juchen\CW6687G\JC_M_328_20160617_P0\APP\dis #
#                          play\ -I E:\Juchen\CW6687G\JC_M_328_20160617_P0\A #
#                          PP\display\lcd\ -I E:\Juchen\CW6687G\JC_M_328_201 #
#                          60617_P0\APP\display\lcdseg\ -I                   #
#                          E:\Juchen\CW6687G\JC_M_328_20160617_P0\APP\displa #
#                          y\led\ -I E:\Juchen\CW6687G\JC_M_328_20160617_P0\ #
#                          APP\display\ledseg\ -I E:\Juchen\CW6687G\JC_M_328 #
#                          _20160617_P0\APP\display\no\ -I                   #
#                          E:\Juchen\CW6687G\JC_M_328_20160617_P0\APP\config #
#                          \ -I E:\Juchen\CW6687G\JC_M_328_20160617_P0\APP\c #
#                          ommon\ -I E:\Juchen\CW6687G\JC_M_328_20160617_P0\ #
#                          APP\task\ -I E:\Juchen\CW6687G\JC_M_328_20160617_ #
#                          P0\APP\user\ -I E:\Juchen\CW6687G\JC_M_328_201606 #
#                          17_P0\APP\user\mp3res\ -I                         #
#                          E:\Juchen\CW6687G\JC_M_328_20160617_P0\APP\btstac #
#                          k\ -I E:\Juchen\CW6687G\JC_M_328_20160617_P0\APP\ #
#                          user\user_config\ -I E:\Juchen\CW6687G\JC_M_328_2 #
#                          0160617_P0\APP\user\user_iis\ -lC                 #
#                          E:\Juchen\CW6687G\JC_M_328_20160617_P0\APP\Debug\ #
#                          List\ -o E:\Juchen\CW6687G\JC_M_328_20160617_P0\A #
#                          PP\Debug\Obj\ -e -z9 --debug --core=plain         #
#                          --dptr=16,1 --data_model=large                    #
#                          --code_model=banked --calling_convention=ext_stac #
#                          k_reentrant --place_constants=code                #
#                          --nr_virtual_regs 20 --extended_stack             #
#                          E:\Juchen\CW6687G\JC_M_328_20160617_P0\APP\task\t #
#                          ask_bt_hid.c                                      #
#    List file          =  E:\Juchen\CW6687G\JC_M_328_20160617_P0\APP\Debug\ #
#                          List\task_bt_hid.lst                              #
#    Object file        =  E:\Juchen\CW6687G\JC_M_328_20160617_P0\APP\Debug\ #
#                          Obj\task_bt_hid.r51                               #
#                                                                            #
#                                                                            #
##############################################################################

E:\Juchen\CW6687G\JC_M_328_20160617_P0\APP\task\task_bt_hid.c
      1          /*****************************************************************************
      2           * Module    : Task
      3           * File      : task_bt_hid.c
      4           * Author    : Hanny
      5           * Function  : 蓝牙任务流程
      6           *****************************************************************************/
      7          #include "include.h"
      8          
      9          #if TASK_BTHID_EN
     10          #include "task.h"
     11          
     12          #pragma constseg="TASK_BT_HID_CONST"
     13          IAR_CONST char str_show_task_bthid[] = "task_bthid\n";
     14          IAR_CONST char str_show_task_bthid_exit[] = "task_bthid_exit\n";
     15          #pragma constseg=default
     16          
     17          #pragma location="TASK_BT_HID_SEG"
     18          void task_bt_hid_enter(void)
     19          {
     20              task_hid_flag = 1;
     21              task_bt_enter();
     22          }
     23          
     24          #pragma location="TASK_BT_HID_SEG"
     25          void task_bt_hid_loop(void)
     26          {
     27              u8 msg;
     28              while ((task_ctl.work_sta == TASK_BT_HID || sys_ctl.bt_sta >= BT_STA_INCOMING)
     29                     && (task_ctl.work_sta != TASK_POWEROFF))
     30              {
     31                  task_bt_event();
     32                  while (msg = get_msg()) {
     33                      task_bt_hid_deal_msg(msg);
     34          #if WARNING_LOWPOWER    // 低电时跳出手机响铃
     35                      if(task_ctl.work_sta == TASK_POWEROFF) {
     36                          break;
     37                      }
     38          #endif
     39                  }
     40                  task_bt_display();
     41              }
     42          }
     43          
     44          #pragma location="TASK_BT_HID_SEG"
     45          void task_bt_hid_exit(void)
     46          {
     47              task_bt_exit();
     48              task_hid_flag = 0;
     49          }
     50          
     51          //蓝牙任务
     52          #pragma location="TASK_BT_HID_SEG"
     53          void task_bt_hid(void)
     54          {
     55              printf(str_show_task_bthid);
     56              task_bt_hid_enter();
     57              task_bt_hid_loop();
     58              task_bt_hid_exit();
     59              printf(str_show_task_bthid_exit);
     60          }
     61          #endif


   Segment part sizes:

     Function/Label Bytes
     -------------- -----

 
 
 0 bytes of memory

Errors: none
Warnings: none
